[019月2024 14:32:50.489] [main/INFO] [cpw.mods.modlauncher.Launcher/MODLAUNCHER]: ModLauncher running: args [--launchTarget, forgeclientuserdev, --version, MOD_DEV, --assetIndex, 5, --assetsDir, C:\Users\pc\.gradle\caches\forge_gradle\assets, --gameDir, ., --fml.forgeVersion, 47.3.5, --fml.mcVersion, 1.20.1, --fml.forgeGroup, net.minecraftforge, --fml.mcpVersion, 20230612.114412, --mixin.config, eveninglament.mixins.json]
[019月2024 14:32:50.498] [main/INFO] [cpw.mods.modlauncher.Launcher/MODLAUNCHER]: ModLauncher 10.0.9+10.0.9+main.dcd20f30 starting: java version 17.0.12 by Oracle Corporation; OS Windows 11 arch amd64 version 10.0
[019月2024 14:32:50.592] [main/WARN] [net.minecraftforge.fml.loading.FMLConfig/CORE]: Configuration file F:\Minecraft Mod\Evening Lament\run\config\fml.toml is not correct. Correcting
[019月2024 14:32:50.592] [main/INFO] [net.minecraftforge.fml.loading.FMLConfig/CORE]: Incorrect key [earlyWindowSkipGLVersions] was corrected from null to []
[019月2024 14:32:50.592] [main/INFO] [net.minecraftforge.fml.loading.FMLConfig/CORE]: Incorrect key [earlyWindowSquir] was corrected from null to false
[019月2024 14:32:50.592] [main/INFO] [net.minecraftforge.fml.loading.FMLConfig/CORE]: Incorrect key [earlyWindowShowCPU] was corrected from null to false
[019月2024 14:32:50.609] [main/INFO] [net.minecraftforge.fml.loading.ImmediateWindowHandler/]: Loading ImmediateWindowProvider fmlearlywindow
[019月2024 14:32:50.688] [main/INFO] [EARLYDISPLAY/]: Trying GL version 4.6
[019月2024 14:32:50.958] [main/INFO] [EARLYDISPLAY/]: Requested GL version 4.6 got version 4.6
[019月2024 14:32:51.036] [main/INFO] [mixin/]: SpongePowered MIXIN Subsystem Version=0.8.5 Source=union:/C:/Users/pc/.gradle/caches/modules-2/files-2.1/org.spongepowered/mixin/0.8.5/9d1c0c3a304ae6697ecd477218fa61b850bf57fc/mixin-0.8.5.jar%23128!/ Service=ModLauncher Env=CLIENT
[019月2024 14:32:51.108] [pool-2-thread-1/INFO] [EARLYDISPLAY/]: GL info: NVIDIA GeForce RTX 4060 Laptop GPU/PCIe/SSE2 GL version 4.6.0 NVIDIA 560.81, NVIDIA Corporation
[019月2024 14:32:51.418] [main/WARN] [net.minecraftforge.fml.loading.moddiscovery.ModFileParser/LOADING]: Mod file C:\Users\pc\.gradle\caches\modules-2\files-2.1\net.minecraftforge\javafmllanguage\1.20.1-47.3.5\4c589c051ef533f8898fb5d83514d4186faa0eeb\javafmllanguage-1.20.1-47.3.5.jar is missing mods.toml file
[019月2024 14:32:51.422] [main/WARN] [net.minecraftforge.fml.loading.moddiscovery.ModFileParser/LOADING]: Mod file C:\Users\pc\.gradle\caches\modules-2\files-2.1\net.minecraftforge\lowcodelanguage\1.20.1-47.3.5\8251eee89645828a05f3b04f5df8945baa0743c4\lowcodelanguage-1.20.1-47.3.5.jar is missing mods.toml file
[019月2024 14:32:51.424] [main/WARN] [net.minecraftforge.fml.loading.moddiscovery.ModFileParser/LOADING]: Mod file C:\Users\pc\.gradle\caches\modules-2\files-2.1\net.minecraftforge\mclanguage\1.20.1-47.3.5\53971d6fe08ae7ce74a72fa7d14a82de70a8bd1\mclanguage-1.20.1-47.3.5.jar is missing mods.toml file
[019月2024 14:32:51.427] [main/WARN] [net.minecraftforge.fml.loading.moddiscovery.ModFileParser/LOADING]: Mod file C:\Users\pc\.gradle\caches\modules-2\files-2.1\net.minecraftforge\fmlcore\1.20.1-47.3.5\cc377ceca3274bd1e429c0da17f73720ce29a4d6\fmlcore-1.20.1-47.3.5.jar is missing mods.toml file
[019月2024 14:32:51.716] [main/WARN] [net.minecraftforge.jarjar.selection.JarSelector/]: Attempted to select a dependency jar for JarJar which was passed in as source: curios. Using Mod File: C:\Users\pc\.gradle\caches\forge_gradle\deobf_dependencies\top\theillusivec4\curios\curios-forge\5.9.1+1.20.1_mapped_parchment_2023.09.03-1.20.1\curios-forge-5.9.1+1.20.1_mapped_parchment_2023.09.03-1.20.1.jar
[019月2024 14:32:51.716] [main/INFO] [net.minecraftforge.fml.loading.moddiscovery.JarInJarDependencyLocator/]: Found 6 dependencies adding them to mods collection
[019月2024 14:32:51.763] [main/ERROR] [net.minecraftforge.fml.loading.ModSorter/LOADING]: Missing or unsupported mandatory dependencies:
	Mod ID: 'attributeslib', Requested by: 'apotheosis', Expected range: '[1.3.5,)', Actual version: '[MISSING]'
	Mod ID: 'structure_gel', Requested by: 'blue_skies', Expected range: '[2.13.0,]', Actual version: '[MISSING]'
	Mod ID: 'forge', Requested by: 'jei', Expected range: '[47.3.6,)', Actual version: '47.3.5'
